# JRE version: Java(TM) SE Runtime Environment (8.0_341-b10) (build 1.8.0_341-b10)
# Java VM: Java HotSpot(TM) 64-Bit Server VM (25.341-b10 mixed mode windows-amd64 compressed oops)
Heap:
 PSYoungGen      total 95232K, used 19794K [0x00000000d6400000, 0x00000000dcb00000, 0x0000000100000000)
  eden space 85504K, 23% used [0x00000000d6400000,0x00000000d7754ae0,0x00000000db780000)
  from space 9728K, 0% used [0x00000000dc100000,0x00000000dc100000,0x00000000dca80000)
  to   space 9728K, 0% used [0x00000000db780000,0x00000000db780000,0x00000000dc100000)
 ParOldGen       total 83456K, used 12079K [0x0000000082c00000, 0x0000000087d80000, 0x00000000d6400000)
  object space 83456K, 14% used [0x0000000082c00000,0x00000000837cbf18,0x0000000087d80000)
 Metaspace       used 34806K, capacity 37018K, committed 37208K, reserved 1081344K
  class space    used 4840K, capacity 5245K, committed 5248K, reserved 1048576K
GC Heap History (10 events):
Event: 20.402 GC heap before
{Heap before GC invocations=6 (full 1):
 PSYoungGen      total 37888K, used 32768K [0x00000000d6400000, 0x00000000dae00000, 0x0000000100000000)
  eden space 32768K, 100% used [0x00000000d6400000,0x00000000d8400000,0x00000000d8400000)
  from space 5120K, 0% used [0x00000000d8900000,0x00000000d8900000,0x00000000d8e00000)
  to   space 5120K, 0% used [0x00000000d8400000,0x00000000d8400000,0x00000000d8900000)
 ParOldGen       total 55296K, used 6951K [0x0000000082c00000, 0x0000000086200000, 0x00000000d6400000)
  object space 55296K, 12% used [0x0000000082c00000,0x00000000832c9f90,0x0000000086200000)
 Metaspace       used 23515K, capacity 24448K, committed 24704K, reserved 1071104K
  class space    used 3194K, capacity 3433K, committed 3456K, reserved 1048576K
Event: 20.406 GC heap after
Heap after GC invocations=6 (full 1):
 PSYoungGen      total 37888K, used 4859K [0x00000000d6400000, 0x00000000da800000, 0x0000000100000000)
  eden space 32768K, 0% used [0x00000000d6400000,0x00000000d6400000,0x00000000d8400000)
  from space 5120K, 94% used [0x00000000d8400000,0x00000000d88bedd0,0x00000000d8900000)
  to   space 8704K, 0% used [0x00000000d9f80000,0x00000000d9f80000,0x00000000da800000)
 ParOldGen       total 55296K, used 6959K [0x0000000082c00000, 0x0000000086200000, 0x00000000d6400000)
  object space 55296K, 12% used [0x0000000082c00000,0x00000000832cbf90,0x0000000086200000)
 Metaspace       used 23515K, capacity 24448K, committed 24704K, reserved 1071104K
  class space    used 3194K, capacity 3433K, committed 3456K, reserved 1048576K
}
Event: 21.112 GC heap before
{Heap before GC invocations=7 (full 1):
 PSYoungGen      total 37888K, used 37627K [0x00000000d6400000, 0x00000000da800000, 0x0000000100000000)
  eden space 32768K, 100% used [0x00000000d6400000,0x00000000d8400000,0x00000000d8400000)
  from space 5120K, 94% used [0x00000000d8400000,0x00000000d88bedd0,0x00000000d8900000)
  to   space 8704K, 0% used [0x00000000d9f80000,0x00000000d9f80000,0x00000000da800000)
 ParOldGen       total 55296K, used 6959K [0x0000000082c00000, 0x0000000086200000, 0x00000000d6400000)
  object space 55296K, 12% used [0x0000000082c00000,0x00000000832cbf90,0x0000000086200000)
 Metaspace       used 26172K, capacity 27244K, committed 27392K, reserved 1073152K
  class space    used 3579K, capacity 3829K, committed 3840K, reserved 1048576K
Event: 21.123 GC heap after
Heap after GC invocations=7 (full 1):
 PSYoungGen      total 61440K, used 5764K [0x00000000d6400000, 0x00000000da800000, 0x0000000100000000)
  eden space 52736K, 0% used [0x00000000d6400000,0x00000000d6400000,0x00000000d9780000)
  from space 8704K, 66% used [0x00000000d9f80000,0x00000000da5212d0,0x00000000da800000)
  to   space 8192K, 0% used [0x00000000d9780000,0x00000000d9780000,0x00000000d9f80000)
 ParOldGen       total 55296K, used 6967K [0x0000000082c00000, 0x0000000086200000, 0x00000000d6400000)
  object space 55296K, 12% used [0x0000000082c00000,0x00000000832cdf90,0x0000000086200000)
 Metaspace       used 26172K, capacity 27244K, committed 27392K, reserved 1073152K
  class space    used 3579K, capacity 3829K, committed 3840K, reserved 1048576K
}
Event: 23.258 GC heap before
{Heap before GC invocations=8 (full 1):
 PSYoungGen      total 61440K, used 58500K [0x00000000d6400000, 0x00000000da800000, 0x0000000100000000)
  eden space 52736K, 100% used [0x00000000d6400000,0x00000000d9780000,0x00000000d9780000)
  from space 8704K, 66% used [0x00000000d9f80000,0x00000000da5212d0,0x00000000da800000)
  to   space 8192K, 0% used [0x00000000d9780000,0x00000000d9780000,0x00000000d9f80000)
 ParOldGen       total 55296K, used 6967K [0x0000000082c00000, 0x0000000086200000, 0x00000000d6400000)
  object space 55296K, 12% used [0x0000000082c00000,0x00000000832cdf90,0x0000000086200000)
 Metaspace       used 31233K, capacity 33230K, committed 33536K, reserved 1077248K
  class space    used 4394K, capacity 4778K, committed 4864K, reserved 1048576K
Event: 23.276 GC heap after
Heap after GC invocations=8 (full 1):
 PSYoungGen      total 60928K, used 8182K [0x00000000d6400000, 0x00000000dca80000, 0x0000000100000000)
  eden space 52736K, 0% used [0x00000000d6400000,0x00000000d6400000,0x00000000d9780000)
  from space 8192K, 99% used [0x00000000d9780000,0x00000000d9f7da40,0x00000000d9f80000)
  to   space 9728K, 0% used [0x00000000dc100000,0x00000000dc100000,0x00000000dca80000)
 ParOldGen       total 55296K, used 8382K [0x0000000082c00000, 0x0000000086200000, 0x00000000d6400000)
  object space 55296K, 15% used [0x0000000082c00000,0x000000008342f838,0x0000000086200000)
 Metaspace       used 31233K, capacity 33230K, committed 33536K, reserved 1077248K
  class space    used 4394K, capacity 4778K, committed 4864K, reserved 1048576K
}
Event: 24.041 GC heap before
{Heap before GC invocations=9 (full 1):
 PSYoungGen      total 60928K, used 22160K [0x00000000d6400000, 0x00000000dca80000, 0x0000000100000000)
  eden space 52736K, 26% used [0x00000000d6400000,0x00000000d71a6968,0x00000000d9780000)
  from space 8192K, 99% used [0x00000000d9780000,0x00000000d9f7da40,0x00000000d9f80000)
  to   space 9728K, 0% used [0x00000000dc100000,0x00000000dc100000,0x00000000dca80000)
 ParOldGen       total 55296K, used 8382K [0x0000000082c00000, 0x0000000086200000, 0x00000000d6400000)
  object space 55296K, 15% used [0x0000000082c00000,0x000000008342f838,0x0000000086200000)
 Metaspace       used 33199K, capacity 35184K, committed 35416K, reserved 1079296K
  class space    used 4597K, capacity 4977K, committed 4992K, reserved 1048576K
Event: 24.050 GC heap after
Heap after GC invocations=9 (full 1):
 PSYoungGen      total 95232K, used 7385K [0x00000000d6400000, 0x00000000dcb00000, 0x0000000100000000)
  eden space 85504K, 0% used [0x00000000d6400000,0x00000000d6400000,0x00000000db780000)
  from space 9728K, 75% used [0x00000000dc100000,0x00000000dc836468,0x00000000dca80000)
  to   space 9728K, 0% used [0x00000000db780000,0x00000000db780000,0x00000000dc100000)
 ParOldGen       total 55296K, used 8390K [0x0000000082c00000, 0x0000000086200000, 0x00000000d6400000)
  object space 55296K, 15% used [0x0000000082c00000,0x0000000083431838,0x0000000086200000)
 Metaspace       used 33199K, capacity 35184K, committed 35416K, reserved 1079296K
  class space    used 4597K, capacity 4977K, committed 4992K, reserved 1048576K
}
Event: 24.050 GC heap before
{Heap before GC invocations=10 (full 2):
 PSYoungGen      total 95232K, used 7385K [0x00000000d6400000, 0x00000000dcb00000, 0x0000000100000000)
  eden space 85504K, 0% used [0x00000000d6400000,0x00000000d6400000,0x00000000db780000)
  from space 9728K, 75% used [0x00000000dc100000,0x00000000dc836468,0x00000000dca80000)
  to   space 9728K, 0% used [0x00000000db780000,0x00000000db780000,0x00000000dc100000)
 ParOldGen       total 55296K, used 8390K [0x0000000082c00000, 0x0000000086200000, 0x00000000d6400000)
  object space 55296K, 15% used [0x0000000082c00000,0x0000000083431838,0x0000000086200000)
 Metaspace       used 33199K, capacity 35184K, committed 35416K, reserved 1079296K
  class space    used 4597K, capacity 4977K, committed 4992K, reserved 1048576K
Event: 24.117 GC heap after
Heap after GC invocations=10 (full 2):
 PSYoungGen      total 95232K, used 0K [0x00000000d6400000, 0x00000000dcb00000, 0x0000000100000000)
  eden space 85504K, 0% used [0x00000000d6400000,0x00000000d6400000,0x00000000db780000)
  from space 9728K, 0% used [0x00000000dc100000,0x00000000dc100000,0x00000000dca80000)
  to   space 9728K, 0% used [0x00000000db780000,0x00000000db780000,0x00000000dc100000)
 ParOldGen       total 83456K, used 12079K [0x0000000082c00000, 0x0000000087d80000, 0x00000000d6400000)
  object space 83456K, 14% used [0x0000000082c00000,0x00000000837cbf18,0x0000000087d80000)
 Metaspace       used 33199K, capacity 35184K, committed 35416K, reserved 1079296K
  class space    used 4597K, capacity 4977K, committed 4992K, reserved 1048576K
}

